<?xml version="1.0" encoding="UTF-8"?>
<coverage generated="1700843806795" clover="3.2.0">
  <project timestamp="1700843806795" name="All files">
    <metrics statements="15" coveredstatements="8" conditionals="4" coveredconditionals="2" methods="4" coveredmethods="3" elements="23" coveredelements="13" complexity="0" loc="15" ncloc="15" packages="1" files="1" classes="1"/>
    <file name="gradeCalculations.js" path="D:\Dev Learning\NodeJS Learn\latihantesting\gradeCalculations.js">
      <metrics statements="15" coveredstatements="8" conditionals="4" coveredconditionals="2" methods="4" coveredmethods="3"/>
      <line num="1" count="1" type="stmt"/>
      <line num="2" count="6" type="stmt"/>
      <line num="3" count="2" type="cond" truecount="2" falsecount="0"/>
      <line num="5" count="1" type="stmt"/>
      <line num="6" count="4" type="stmt"/>
      <line num="9" count="1" type="stmt"/>
      <line num="12" count="1" type="stmt"/>
      <line num="13" count="0" type="stmt"/>
      <line num="14" count="0" type="stmt"/>
      <line num="16" count="0" type="cond" truecount="0" falsecount="2"/>
      <line num="17" count="0" type="stmt"/>
      <line num="18" count="0" type="stmt"/>
      <line num="20" count="0" type="stmt"/>
      <line num="21" count="0" type="stmt"/>
      <line num="25" count="1" type="stmt"/>
    </file>
  </project>
</coverage>
